\BOOKMARK [1][-]{section*.3}{\376\377\000D\000a\000n\000h\000\040\000s\000\341\000c\000h\000\040\000h\000\354\000n\000h\000\040\000v\036\275}{}% 1
\BOOKMARK [1][-]{section*.4}{\376\377\000D\000a\000n\000h\000\040\000s\000\341\000c\000h\000\040\000b\036\243\000n\000g}{}% 2
\BOOKMARK [1][-]{section*.6}{\376\377\000D\000a\000n\000h\000\040\000s\000\341\000c\000h\000\040\000p\000h\000\342\000n\000\040\000c\000h\000i\000a\000\040\000c\000\364\000n\000g\000\040\000v\000i\036\307\000c}{}% 3
\BOOKMARK [1][-]{section.1}{\376\377\000G\000i\036\333\000i\000\040\000t\000h\000i\036\307\000u}{}% 4
\BOOKMARK [2][-]{subsection.1.1}{\376\377\000B\036\321\000i\000\040\000c\036\243\000n\000h\000\040\000v\000\340\000\040\000b\000\340\000i\000\040\000t\000o\000\341\000n}{section.1}% 5
\BOOKMARK [2][-]{subsection.1.2}{\376\377\000T\000\355\000n\000h\000\040\000c\036\245\000p\000\040\000t\000h\000i\036\277\000t\000\040\000c\036\347\000a\000\040\001\021\036\301\000\040\000t\000\340\000i}{section.1}% 6
\BOOKMARK [2][-]{subsection.1.3}{\376\377\000T\000\354\000n\000h\000\040\000h\000\354\000n\000h\000\040\000n\000g\000h\000i\000\352\000n\000\040\000c\036\351\000u\000\040\000v\000\340\000\040\000c\000\341\000c\000\040\000g\000i\036\243\000i\000\040\000p\000h\000\341\000p\000\040\000h\000i\036\307\000n\000\040\000c\000\363}{section.1}% 7
\BOOKMARK [2][-]{subsection.1.4}{\376\377\000M\036\345\000c\000\040\000t\000i\000\352\000u\000\040\000v\000\340\000\040\000c\000\342\000u\000\040\000h\036\317\000i\000\040\000n\000g\000h\000i\000\352\000n\000\040\000c\036\351\000u}{section.1}% 8
\BOOKMARK [2][-]{subsection.1.5}{\376\377\000P\000h\036\241\000m\000\040\000v\000i\000\040\000v\000\340\000\040\000g\000i\036\333\000i\000\040\000h\036\241\000n\000\040\000c\036\347\000a\000\040\001\021\036\301\000\040\000t\000\340\000i}{section.1}% 9
\BOOKMARK [1][-]{section.2}{\376\377\000C\001\241\000\040\000s\036\337\000\040\000l\000\375\000\040\000t\000h\000u\000y\036\277\000t}{}% 10
\BOOKMARK [2][-]{subsection.2.1}{\376\377\000K\000i\036\277\000n\000\040\000t\000r\000\372\000c\000\040\000h\036\307\000\040\000t\000h\036\321\000n\000g\000\040\000I\000o\000T}{section.2}% 11
\BOOKMARK [3][-]{subsubsection.2.1.1}{\376\377\000M\000\364\000\040\000h\000\354\000n\000h\000\040\000k\000i\036\277\000n\000\040\000t\000r\000\372\000c\000\040\000p\000h\000\342\000n\000\040\000l\036\333\000p\000\040\000\050\000L\000a\000y\000e\000r\000e\000d\000\040\000A\000r\000c\000h\000i\000t\000e\000c\000t\000u\000r\000e\000\051}{subsection.2.1}% 12
\BOOKMARK [3][-]{subsubsection.2.1.2}{\376\377\000T\036\247\000n\000g\000\040\000X\036\355\000\040\000l\000\375\000\040\000n\000g\000h\000i\036\307\000p\000\040\000v\036\345\000\040\000v\036\333\000i\000\040\000N\000e\000s\000t\000J\000S}{subsection.2.1}% 13
\BOOKMARK [2][-]{subsection.2.2}{\376\377\000H\036\307\000\040\000q\000u\036\243\000n\000\040\000t\000r\036\313\000\040\000C\001\241\000\040\000s\036\337\000\040\000d\036\357\000\040\000l\000i\036\307\000u\000\040\000q\000u\000a\000n\000\040\000h\036\307\000\040\000\050\000P\000o\000s\000t\000g\000r\000e\000S\000Q\000L\000\051}{section.2}% 14
\BOOKMARK [3][-]{subsubsection.2.2.1}{\376\377\000T\000u\000\342\000n\000\040\000t\000h\036\347\000\040\000c\000h\000u\036\251\000n\000\040\000A\000C\000I\000D\000\040\000v\000\340\000\040\001\020\036\331\000\040\000t\000i\000n\000\040\000c\036\255\000y\000\040\000c\000a\000o}{subsection.2.2}% 15
\BOOKMARK [3][-]{subsubsection.2.2.2}{\376\377\000H\036\327\000\040\000t\000r\036\343\000\040\000d\036\357\000\040\000l\000i\036\307\000u\000\040\000b\000\341\000n\000\040\000c\036\245\000u\000\040\000t\000r\000\372\000c\000\040\000\050\000J\000S\000O\000N\000B\000\051}{subsection.2.2}% 16
\BOOKMARK [3][-]{subsubsection.2.2.3}{\376\377\000K\000h\036\243\000\040\000n\001\003\000n\000g\000\040\000m\036\337\000\040\000r\036\331\000n\000g\000\040\000\050\000E\000x\000t\000e\000n\000s\000i\000b\000i\000l\000i\000t\000y\000\051}{subsection.2.2}% 17
\BOOKMARK [2][-]{subsection.2.3}{\376\377\000C\001\241\000\040\000s\036\337\000\040\000d\036\357\000\040\000l\000i\036\307\000u\000\040\000c\000h\000u\036\327\000i\000\040\000t\000h\036\335\000i\000\040\000g\000i\000a\000n\000\040\000\050\000T\000i\000m\000e\000\040\000-\000\040\000s\000e\000r\000i\000e\000s\000\040\000D\000a\000t\000a\000b\000a\000s\000e\000\051}{section.2}% 18
\BOOKMARK [3][-]{subsubsection.2.3.1}{\376\377\000K\000i\036\277\000n\000\040\000t\000r\000\372\000c\000\040\000H\000y\000p\000e\000r\000t\000a\000b\000l\000e\000s}{subsection.2.3}% 19
\BOOKMARK [3][-]{subsubsection.2.3.2}{\376\377\000K\000h\036\243\000\040\000n\001\003\000n\000g\000\040\000n\000\351\000n\000\040\000v\000\340\000\040\000q\000u\036\243\000n\000\040\000l\000\375\000\040\000v\000\362\000n\000g\000\040\001\021\036\335\000i\000\040\000d\036\357\000\040\000l\000i\036\307\000u}{subsection.2.3}% 20
\BOOKMARK [3][-]{subsubsection.2.3.3}{\376\377\000T\000\355\000n\000h\000\040\000t\000h\036\321\000n\000g\000\040\000n\000h\036\245\000t\000\040\000t\000r\000o\000n\000g\000\040\000h\036\307\000\040\000s\000i\000n\000h\000\040\000t\000h\000\341\000i\000\040\000\050\000S\000Q\000L\000\040\000C\000o\000m\000p\000a\000t\000i\000b\000i\000l\000i\000t\000y\000\051}{subsection.2.3}% 21
\BOOKMARK [2][-]{subsection.2.4}{\376\377\000C\000\364\000n\000g\000\040\000n\000g\000h\036\307\000\040\000p\000h\036\247\000n\000\040\000c\036\351\000n\000g\000/\000v\000i\000\040\001\021\000i\036\301\000u\000\040\000k\000h\000i\036\303\000n}{section.2}% 22
\BOOKMARK [3][-]{subsubsection.2.4.1}{\376\377\000V\000i\000\040\001\021\000i\036\301\000u\000\040\000k\000h\000i\036\303\000n\000\040\000E\000S\000P\0003\0002}{subsection.2.4}% 23
\BOOKMARK [2][-]{subsection.2.5}{\376\377\000C\000\364\000n\000g\000\040\000n\000g\000h\036\307\000\040\000c\036\243\000m\000\040\000b\000i\036\277\000n\000/\000n\000g\000o\036\241\000i\000\040\000v\000i}{section.2}% 24
\BOOKMARK [3][-]{subsubsection.2.5.1}{\376\377\000G\000i\000a\000o\000\040\000t\000h\036\351\000c\000\040\000I\0002\000C\000\040\000\050\000I\000n\000t\000e\000r\000-\000I\000n\000t\000e\000g\000r\000a\000t\000e\000d\000\040\000C\000i\000r\000c\000u\000i\000t\000\051}{subsection.2.5}% 25
\BOOKMARK [3][-]{subsubsection.2.5.2}{\376\377\000G\000i\000a\000o\000\040\000t\000h\036\351\000c\000\040\000D\000V\000P\000I\000\040\000\050\000D\000i\000g\000i\000t\000a\000l\000\040\000V\000i\000d\000e\000o\000\040\000P\000o\000r\000t\000\040\000I\000n\000t\000e\000r\000f\000a\000c\000e\000\051}{subsection.2.5}% 26
\BOOKMARK [3][-]{subsubsection.2.5.3}{\376\377\000G\000P\000I\000O\000\040\000\050\000G\000e\000n\000e\000r\000a\000l\000\040\000P\000u\000r\000p\000o\000s\000e\000\040\000I\000n\000p\000u\000t\000/\000O\000u\000t\000p\000u\000t\000\051}{subsection.2.5}% 27
\BOOKMARK [3][-]{subsubsection.2.5.4}{\376\377\000A\000D\000C\000\040\000\050\000A\000n\000a\000l\000o\000g\000-\000t\000o\000-\000D\000i\000g\000i\000t\000a\000l\000\040\000C\000o\000n\000v\000e\000r\000t\000e\000r\000\051}{subsection.2.5}% 28
\BOOKMARK [2][-]{subsection.2.6}{\376\377\000C\000\364\000n\000g\000\040\000n\000g\000h\036\307\000\040\000h\036\241\000\040\000t\036\247\000n\000g\000\040\000m\036\241\000n\000g}{section.2}% 29
\BOOKMARK [3][-]{subsubsection.2.6.1}{\376\377\000G\000i\000a\000o\000\040\000t\000h\036\351\000c\000\040\000W\000i\000F\000i\000\040\000\050\000I\000E\000E\000E\000\040\0008\0000\0002\000.\0001\0001\000\051}{subsection.2.6}% 30
\BOOKMARK [3][-]{subsubsection.2.6.2}{\376\377\000G\000i\000a\000o\000\040\000t\000h\036\351\000c\000\040\000M\000Q\000T\000T}{subsection.2.6}% 31
\BOOKMARK [3][-]{subsubsection.2.6.3}{\376\377\000G\000i\000a\000o\000\040\000t\000h\036\351\000c\000\040\000H\000T\000T\000P}{subsection.2.6}% 32
\BOOKMARK [2][-]{subsection.2.7}{\376\377\000C\000\364\000n\000g\000\040\000n\000g\000h\036\307\000\040\000p\000h\036\247\000n\000\040\000m\036\301\000m\000/\000F\000i\000r\000m\000w\000a\000r\000e}{section.2}% 33
\BOOKMARK [3][-]{subsubsection.2.7.1}{\376\377\000H\036\307\000\040\001\021\000i\036\301\000u\000\040\000h\000\340\000n\000h\000\040\000F\000r\000e\000e\000R\000T\000O\000S}{subsection.2.7}% 34
\BOOKMARK [3][-]{subsubsection.2.7.2}{\376\377\001\020\036\313\000n\000h\000\040\000d\036\241\000n\000g\000\040\000d\036\357\000\040\000l\000i\036\307\000u\000\040\000J\000S\000O\000N}{subsection.2.7}% 35
\BOOKMARK [3][-]{subsubsection.2.7.3}{\376\377\000G\000i\000a\000o\000\040\000t\000h\036\351\000c\000\040\000U\000A\000R\000T}{subsection.2.7}% 36
\BOOKMARK [2][-]{subsection.2.8}{\376\377\000T\000h\000u\036\255\000t\000\040\000t\000o\000\341\000n\000\040\000R\000F\000E\000\040\000\050\000R\000o\000b\000u\000s\000t\000\040\000F\000e\000a\000t\000u\000r\000e\000\040\000E\000x\000t\000r\000a\000c\000t\000o\000r\000\051}{section.2}% 37
\BOOKMARK [1][-]{section.3}{\376\377\000K\000h\036\243\000o\000\040\000s\000\341\000t\000\040\000c\000\341\000c\000\040\000g\000i\036\243\000i\000\040\000p\000h\000\341\000p\000\040\001\021\000\343\000\040\000c\000\363}{}% 38
\BOOKMARK [2][-]{subsection.3.1}{\376\377\000K\000h\036\243\000o\000\040\000s\000\341\000t\000\040\000c\000\341\000c\000\040\036\351\000n\000g\000\040\000d\036\345\000n\000g\000,\000\040\000s\036\243\000n\000\040\000p\000h\036\253\000m\000\040\000h\000o\036\267\000c\000\040\000h\036\307\000\040\000t\000h\036\321\000n\000g\000\040\000l\000i\000\352\000n\000\040\000q\000u\000a\000n}{section.3}% 39
\BOOKMARK [2][-]{subsection.3.2}{\376\377\000K\000h\036\243\000o\000\040\000s\000\341\000t\000\040\000c\000\341\000c\000\040\000m\000\364\000\040\000h\000\354\000n\000h\000,\000\040\000t\000h\000u\036\255\000t\000\040\000t\000o\000\341\000n\000,\000\040\000p\000h\001\260\001\241\000n\000g\000\040\000p\000h\000\341\000p}{section.3}% 40
\BOOKMARK [2][-]{subsection.3.3}{\376\377\000B\036\243\000n\000g\000\040\000t\036\325\000n\000g\000\040\000h\036\343\000p\000\040\000v\000\340\000\040\000p\000h\000\342\000n\000\040\000t\000\355\000c\000h\000\040\000k\000h\000o\036\243\000n\000g\000\040\000t\000r\036\321\000n\000g}{section.3}% 41
\BOOKMARK [1][-]{section.4}{\376\377\000P\000h\000\342\000n\000\040\000t\000\355\000c\000h\000\040\000y\000\352\000u\000\040\000c\036\247\000u}{}% 42
\BOOKMARK [2][-]{subsection.4.1}{\376\377\000M\036\345\000c\000\040\001\021\000\355\000c\000h}{section.4}% 43
\BOOKMARK [2][-]{subsection.4.2}{\376\377\000P\000h\001\260\001\241\000n\000g\000\040\000p\000h\000\341\000p\000\040\000t\000h\000u\000\040\000t\000h\036\255\000p\000\040\000y\000\352\000u\000\040\000c\036\247\000u}{section.4}% 44
\BOOKMARK [2][-]{subsection.4.3}{\376\377\000K\036\277\000t\000\040\000q\000u\036\243\000\040\000t\000h\000u\000\040\000t\000h\036\255\000p\000\040\000y\000\352\000u\000\040\000c\036\247\000u}{section.4}% 45
\BOOKMARK [2][-]{subsection.4.4}{\376\377\000Y\000\352\000u\000\040\000c\036\247\000u\000\040\000c\000h\036\351\000c\000\040\000n\001\003\000n\000g}{section.4}% 46
\BOOKMARK [2][-]{subsection.4.5}{\376\377\000Y\000\352\000u\000\040\000c\036\247\000u\000\040\000p\000h\000i\000\040\000c\000h\036\351\000c\000\040\000n\001\003\000n\000g}{section.4}% 47
\BOOKMARK [2][-]{subsection.4.6}{\376\377\000C\000\341\000c\000\040\000m\000\364\000\040\000h\000\354\000n\000h\000\040\000p\000h\000\342\000n\000\040\000t\000\355\000c\000h\000\040\000U\000M\000L}{section.4}% 48
\BOOKMARK [3][-]{subsubsection.4.6.1}{\376\377\000U\000s\000e\000\040\000c\000a\000s\000e\000:\000\040\000M\000o\000n\000i\000t\000o\000r\000\040\000F\000a\000r\000m}{subsection.4.6}% 49
\BOOKMARK [3][-]{subsubsection.4.6.2}{\376\377\000U\000s\000e\000\040\000c\000a\000s\000e\000:\000\040\000M\000o\000n\000i\000t\000o\000r\000\040\000D\000e\000v\000i\000c\000e}{subsection.4.6}% 50
\BOOKMARK [3][-]{subsubsection.4.6.3}{\376\377\000U\000s\000e\000\040\000c\000a\000s\000e\000:\000\040\000M\000o\000n\000i\000t\000o\000r\000\040\000S\000y\000s\000t\000e\000m\000\040\000A\000n\000a\000l\000y\000t\000i\000c\000s}{subsection.4.6}% 51
\BOOKMARK [3][-]{subsubsection.4.6.4}{\376\377\000U\000s\000e\000\040\000c\000a\000s\000e\000:\000\040\000T\000r\000o\000u\000b\000l\000e\000s\000h\000o\000o\000t\000\040\000S\000y\000s\000t\000e\000m}{subsection.4.6}% 52
\BOOKMARK [3][-]{subsubsection.4.6.5}{\376\377\000U\000s\000e\000\040\000c\000a\000s\000e\000:\000\040\000M\000a\000n\000a\000g\000e\000\040\000R\000e\000p\000o\000r\000t\000s}{subsection.4.6}% 53
\BOOKMARK [1][-]{section.5}{\376\377\000G\000i\036\243\000i\000\040\000p\000h\000\341\000p\000\040\001\021\036\301\000\040\000x\000u\036\245\000t}{}% 54
\BOOKMARK [2][-]{subsection.5.1}{\376\377\000M\036\345\000c\000\040\000t\000i\000\352\000u\000\040\000c\036\347\000a\000\040\000g\000i\036\243\000i\000\040\000p\000h\000\341\000p}{section.5}% 55
\BOOKMARK [2][-]{subsection.5.2}{\376\377\000T\000h\000i\036\277\000t\000\040\000k\036\277\000\040\000k\000i\036\277\000n\000\040\000t\000r\000\372\000c\000\040\000\050\000M\036\351\000c\000\040\000k\000h\000\341\000i\000\040\000n\000i\036\307\000m\000\051}{section.5}% 56
\BOOKMARK [3][-]{subsubsection.5.2.1}{\376\377\000T\000h\000i\036\277\000t\000\040\000k\036\277\000\040\000C\001\241\000\040\000s\036\337\000\040\000d\036\357\000\040\000l\000i\036\307\000u}{subsection.5.2}% 57
\BOOKMARK [2][-]{subsection.5.3}{\376\377\000T\000h\000i\036\277\000t\000\040\000k\036\277\000\040\000K\000i\036\277\000n\000\040\000t\000r\000\372\000c\000\040\000H\036\307\000\040\000t\000h\036\321\000n\000g}{section.5}% 58
\BOOKMARK [3][-]{subsubsection.5.3.1}{\376\377\000K\000i\036\277\000n\000\040\000t\000r\000\372\000c\000\040\000P\000h\000\342\000n\000\040\000l\036\333\000p\000\040\000\050\000L\000a\000y\000e\000r\000e\000d\000\040\000A\000r\000c\000h\000i\000t\000e\000c\000t\000u\000r\000e\000\051}{subsection.5.3}% 59
\BOOKMARK [3][-]{subsubsection.5.3.2}{\376\377\000K\000i\036\277\000n\000\040\000t\000r\000\372\000c\000\040\000T\000r\000i\036\303\000n\000\040\000k\000h\000a\000i\000\040\000\050\000D\000e\000p\000l\000o\000y\000m\000e\000n\000t\000\040\000A\000r\000c\000h\000i\000t\000e\000c\000t\000u\000r\000e\000\051}{subsection.5.3}% 60
\BOOKMARK [2][-]{subsection.5.4}{\376\377\001\020\036\301\000\040\000x\000u\036\245\000t\000\040\000h\000i\036\307\000n\000\040\000t\000h\036\361\000c\000\040\000v\000\340\000\040\000l\036\361\000a\000\040\000c\000h\036\315\000n\000\040\000c\000\364\000n\000g\000\040\000n\000g\000h\036\307}{section.5}% 61
\BOOKMARK [3][-]{subsubsection.5.4.1}{\376\377\000Q\000u\036\243\000n\000\040\000l\000\375\000\040\000l\001\260\036\343\000c\000\040\001\021\036\323\000\040\000d\036\357\000\040\000l\000i\036\307\000u\000\040\000c\036\243\000m\000\040\000b\000i\036\277\000n\000\040\000t\036\353\000\040\000x\000a}{subsection.5.4}% 62
\BOOKMARK [3][-]{subsubsection.5.4.2}{\376\377\001\020\036\301\000\040\000x\000u\036\245\000t\000\040\000c\036\243\000i\000\040\000t\000i\036\277\000n\000\040\000c\000h\000o\000\040\000t\000h\000u\036\255\000t\000\040\000t\000o\000\341\000n\000\040\000R\000F\000E}{subsection.5.4}% 63
\BOOKMARK [2][-]{subsection.5.5}{\376\377\000T\000h\000i\036\277\000t\000\040\000k\036\277\000\040\000c\000\341\000c\000\040\000t\000h\000\340\000n\000h\000\040\000p\000h\036\247\000n\000\040\000c\000h\000\355\000n\000h}{section.5}% 64
\BOOKMARK [3][-]{subsubsection.5.5.1}{\376\377\000S\000o\000f\000t\000w\000a\000r\000e}{subsection.5.5}% 65
\BOOKMARK [0][-]{subsubsubsection.5.5.1.1}{\376\377\000Q\000u\000y\000\040\000t\000r\000\354\000n\000h\000\040\000G\000i\000\341\000m\000\040\000s\000\341\000t\000\040\000D\000a\000s\000h\000b\000o\000a\000r\000d\000\040\000\050\000A\000n\000a\000l\000y\000t\000i\000c\000s\000\040\000F\000l\000o\000w\000\051\000:}{}% 66
\BOOKMARK [0][-]{subsubsubsection.5.5.1.2}{\376\377\000Q\000u\000y\000\040\000t\000r\000\354\000n\000h\000\040\000X\036\355\000\040\000l\000\375\000\040\000s\036\361\000\040\000c\036\321\000\040\000\050\000T\000r\000o\000u\000b\000l\000e\000s\000h\000o\000o\000t\000\040\000F\000l\000o\000w\000\051\000:}{}% 67
\BOOKMARK [0][-]{subsubsubsection.5.5.1.3}{\376\377\000Q\000u\000y\000\040\000t\000r\000\354\000n\000h\000\040\000q\000u\036\243\000n\000\040\000l\000\375\000\040\000F\000a\000r\000m\000:}{}% 68
\BOOKMARK [0][-]{subsubsubsection.5.5.1.4}{\376\377\000Q\000u\000y\000\040\000t\000r\000\354\000n\000h\000\040\000q\000u\036\243\000n\000\040\000l\000\375\000\040\000t\000h\000i\036\277\000t\000\040\000b\036\313\000:}{}% 69
\BOOKMARK [1][-]{subsubsection.5.5.2}{\376\377\000F\000i\000r\000m\000w\000a\000r\000e}{subsubsubsection.5.5.1.4}% 70
\BOOKMARK [0][-]{subsubsubsection.5.5.2.1}{\376\377\000A\000c\000t\000i\000v\000i\000t\000y\000\040\000D\000i\000a\000g\000r\000a\000m}{}% 71
\BOOKMARK [0][-]{subsubsubsection.5.5.2.2}{\376\377\000C\000o\000m\000m\000u\000n\000i\000c\000a\000t\000i\000o\000n\000\040\000D\000i\000a\000g\000r\000a\000m}{}% 72
\BOOKMARK [0][-]{subsubsubsection.5.5.2.3}{\376\377\000C\000o\000m\000p\000o\000n\000e\000n\000t\000\040\000D\000i\000a\000g\000r\000a\000m}{}% 73
\BOOKMARK [0][-]{subsubsubsection.5.5.2.4}{\376\377\000S\000e\000q\000u\000e\000n\000c\000e\000\040\000D\000i\000a\000g\000r\000a\000m}{}% 74
\BOOKMARK [0][-]{subsubsubsection.5.5.2.5}{\376\377\000T\000i\000m\000i\000n\000g\000\040\000D\000i\000a\000g\000r\000a\000m}{}% 75
\BOOKMARK [0][-]{subsubsubsection.5.5.2.6}{\376\377\000S\000t\000a\000t\000e\000\040\000M\000a\000c\000h\000i\000n\000e\000\040\000D\000i\000a\000g\000r\000a\000m}{}% 76
\BOOKMARK [1][-]{subsection.5.6}{\376\377\000C\000\341\000c\000h\000\040\001\021\000\341\000n\000h\000\040\000g\000i\000\341\000\040\000g\000i\036\243\000i\000\040\000p\000h\000\341\000p}{subsubsubsection.5.5.2.6}% 77
\BOOKMARK [2][-]{subsection.5.7}{\376\377\000C\000\341\000c\000h\000\040\001\021\000\341\000n\000h\000\040\000g\000i\000\341\000\040\000g\000i\036\243\000i\000\040\000p\000h\000\341\000p}{subsection.5.6}% 78
\BOOKMARK [3][-]{subsubsection.5.7.1}{\376\377\001\020\000\341\000n\000h\000\040\000g\000i\000\341\000\040\000H\000i\036\307\000u\000\040\000n\001\003\000n\000g\000\040\000H\036\307\000\040\000t\000h\036\321\000n\000g\000\040\000\050\000P\000e\000r\000f\000o\000r\000m\000a\000n\000c\000e\000\040\000E\000v\000a\000l\000u\000a\000t\000i\000o\000n\000\051}{subsection.5.7}% 79
\BOOKMARK [3][-]{subsubsection.5.7.2}{\376\377\001\020\000\341\000n\000h\000\040\000g\000i\000\341\000\040\000H\000i\036\307\000u\000\040\000q\000u\036\243\000\040\000T\000h\000u\036\255\000t\000\040\000t\000o\000\341\000n\000\040\000P\000h\000\341\000t\000\040\000h\000i\036\307\000n\000\040\000l\036\327\000i\000\040\000\050\000A\000l\000g\000o\000r\000i\000t\000h\000m\000i\000c\000\040\000E\000v\000a\000l\000u\000a\000t\000i\000o\000n\000\051}{subsection.5.7}% 80
\BOOKMARK [3][-]{subsubsection.5.7.3}{\376\377\001\020\000\341\000n\000h\000\040\000g\000i\000\341\000\040\000T\000r\036\243\000i\000\040\000n\000g\000h\000i\036\307\000m\000\040\000v\000\340\000\040\000C\000h\036\351\000c\000\040\000n\001\003\000n\000g\000\040\000\050\000F\000u\000n\000c\000t\000i\000o\000n\000a\000l\000\040\000\046\000\040\000U\000X\000\040\000E\000v\000a\000l\000u\000a\000t\000i\000o\000n\000\051}{subsection.5.7}% 81
\BOOKMARK [1][-]{section.6}{\376\377\000K\036\277\000\040\000h\000o\036\241\000c\000h\000\040\000t\000h\036\361\000c\000\040\000h\000i\036\307\000n}{subsubsubsection.5.5.2.6}% 82
\BOOKMARK [2][-]{subsection.6.1}{\376\377\000M\036\345\000c\000\040\000t\000i\000\352\000u\000\040\000t\000h\000e\000o\000\040\000t\036\353\000n\000g\000\040\000g\000i\000a\000i\000\040\001\021\000o\036\241\000n}{section.6}% 83
\BOOKMARK [0][-]{subsubsubsection.6.1.0.1}{\376\377\000F\000i\000r\000m\000w\000a\000r\000e}{}% 84
\BOOKMARK [0][-]{subsubsubsection.6.1.0.2}{\376\377\000S\000o\000f\000t\000w\000a\000r\000e}{}% 85
\BOOKMARK [1][-]{subsection.6.2}{\376\377\000L\036\313\000c\000h\000\040\000t\000r\000\354\000n\000h\000\040\000v\000\340\000\040\000m\036\321\000c\000\040\000t\000h\036\335\000i\000\040\000g\000i\000a\000n}{subsubsubsection.6.1.0.2}% 86
\BOOKMARK [0][-]{subsubsubsection.6.2.0.1}{\376\377\000F\000i\000r\000m\000w\000a\000r\000e}{}% 87
\BOOKMARK [0][-]{subsubsubsection.6.2.0.2}{\376\377\000S\000o\000f\000t\000w\000a\000r\000e}{}% 88
\BOOKMARK [1][-]{subsection.6.3}{\376\377\000R\036\347\000i\000\040\000r\000o\000\040\000v\000\340\000\040\000p\000h\001\260\001\241\000n\000g\000\040\000\341\000n\000\040\000g\000i\036\243\000m\000\040\000t\000h\000i\036\303\000u}{subsubsubsection.6.2.0.2}% 89
\BOOKMARK [0][-]{subsubsubsection.6.3.0.1}{\376\377\000F\000i\000r\000m\000w\000a\000r\000e}{}% 90
\BOOKMARK [0][-]{subsubsubsection.6.3.0.2}{\376\377\000S\000o\000f\000t\000w\000a\000r\000e}{}% 91
\BOOKMARK [1][-]{section.7}{\376\377\000K\036\277\000t\000\040\000l\000u\036\255\000n}{subsubsubsection.6.3.0.2}% 92
\BOOKMARK [2][-]{subsection.7.1}{\376\377\000T\000\363\000m\000\040\000t\036\257\000t\000\040\000v\036\245\000n\000\040\001\021\036\301\000\040\000v\000\340\000\040\000h\001\260\036\333\000n\000g\000\040\000t\000i\036\277\000p\000\040\000c\036\255\000n}{section.7}% 93
\BOOKMARK [2][-]{subsection.7.2}{\376\377\000C\000\364\000n\000g\000\040\000v\000i\036\307\000c\000\040\001\021\000\343\000\040\000h\000o\000\340\000n\000\040\000t\000h\000\340\000n\000h\000\040\000t\000r\000o\000n\000g\000\040\000g\000i\000a\000i\000\040\001\021\000o\036\241\000n\000\040\001\020\036\323\000\040\000\341\000n\000\040\000C\000h\000u\000y\000\352\000n\000\040\000n\000g\000\340\000n\000h}{section.7}% 94
\BOOKMARK [2][-]{subsection.7.3}{\376\377\001\020\036\313\000n\000h\000\040\000h\001\260\036\333\000n\000g\000\040\000t\000h\036\361\000c\000\040\000h\000i\036\307\000n\000\040\001\020\036\323\000\040\000\341\000n\000\040\000T\036\321\000t\000\040\000n\000g\000h\000i\036\307\000p}{section.7}% 95
\BOOKMARK [2][-]{subsection.7.4}{\376\377\000B\000\340\000i\000\040\000h\036\315\000c\000\040\000k\000i\000n\000h\000\040\000n\000g\000h\000i\036\307\000m\000\040\000v\000\340\000\040\000G\000\363\000c\000\040\000n\000h\000\354\000n\000\040\000p\000h\036\243\000n\000\040\000t\001\260}{section.7}% 96
\BOOKMARK [1][-]{appendix.A}{\376\377\000S\001\241\000\040\001\021\036\323\000\040\000C\001\241\000\040\000s\036\337\000\040\000d\036\357\000\040\000l\000i\036\307\000u\000\040\000v\036\255\000t\000\040\000l\000\375\000\040\000\050\000P\000h\000y\000s\000i\000c\000a\000l\000\040\000E\000R\000D\000\051}{subsubsubsection.6.3.0.2}% 97
\BOOKMARK [1][-]{appendix.B}{\376\377\000D\000a\000n\000h\000\040\000s\000\341\000c\000h\000\040\000c\000\341\000c\000\040\000A\000P\000I\000\040\000c\000h\000\355\000n\000h\000\040\000\050\000A\000P\000I\000\040\000S\000p\000e\000c\000i\000f\000i\000c\000a\000t\000i\000o\000n\000s\000\051}{subsubsubsection.6.3.0.2}% 98
\BOOKMARK [1][-]{appendix.C}{\376\377\000D\000a\000n\000h\000\040\000s\000\341\000c\000h\000\040\000l\000i\000n\000h\000\040\000k\000i\036\307\000n\000\040\000p\000h\036\247\000n\000\040\000c\036\351\000n\000g\000\040\000\050\000B\000i\000l\000l\000\040\000o\000f\000\040\000M\000a\000t\000e\000r\000i\000a\000l\000s\000\051}{subsubsubsection.6.3.0.2}% 99
\BOOKMARK [1][-]{appendix.D}{\376\377\000B\036\243\000n\000g\000\040\000s\000o\000\040\000s\000\341\000n\000h\000\040\000c\000\341\000c\000\040\000g\000i\036\243\000i\000\040\000p\000h\000\341\000p\000\040\000t\000h\000a\000m\000\040\000k\000h\036\243\000o}{subsubsubsection.6.3.0.2}% 100
\BOOKMARK [1][-]{appendix.D}{\376\377\000T\000\340\000i\000\040\000l\000i\036\307\000u\000\040\000t\000h\000a\000m\000\040\000k\000h\036\243\000o}{subsubsubsection.6.3.0.2}% 101
